2017-10-28T02:24:52.270277Z 0 [Warning] TIMESTAMP with implicit DEFAULT value is deprecated. Please use --explicit_defaults_for_timestamp server option (see documentation for more details).
2017-10-28T02:24:52.270379Z 0 [Note] --secure-file-priv is set to NULL. Operations related to importing and exporting data are disabled
2017-10-28T02:24:52.270404Z 0 [Note] /opt/bitnami/mysql/bin/mysqld.bin (mysqld 5.7.19) starting as process 1614 ...
2017-10-28T02:24:52.309408Z 0 [Note] InnoDB: PUNCH HOLE support available
2017-10-28T02:24:52.309428Z 0 [Note] InnoDB: Mutexes and rw_locks use GCC atomic builtins
2017-10-28T02:24:52.309432Z 0 [Note] InnoDB: Uses event mutexes
2017-10-28T02:24:52.309435Z 0 [Note] InnoDB: GCC builtin __sync_synchronize() is used for memory barrier
2017-10-28T02:24:52.309439Z 0 [Note] InnoDB: Compressed tables use zlib 1.2.3
2017-10-28T02:24:52.309442Z 0 [Note] InnoDB: Using Linux native AIO
2017-10-28T02:24:52.309711Z 0 [Note] InnoDB: Number of pools: 1
2017-10-28T02:24:52.309816Z 0 [Note] InnoDB: Using CPU crc32 instructions
2017-10-28T02:24:52.311551Z 0 [Note] InnoDB: Initializing buffer pool, total size = 16M, instances = 1, chunk size = 16M
2017-10-28T02:24:52.312748Z 0 [Note] InnoDB: Completed initialization of buffer pool
2017-10-28T02:24:52.313340Z 0 [Note] InnoDB: If the mysqld execution user is authorized, page cleaner thread priority can be changed. See the man page of setpriority().
2017-10-28T02:24:52.508428Z 0 [Note] InnoDB: Highest supported file format is Barracuda.
2017-10-28T02:24:52.803039Z 0 [Note] InnoDB: Creating shared tablespace for temporary tables
2017-10-28T02:24:52.803101Z 0 [Note] InnoDB: Setting file './ibtmp1' size to 12 MB. Physically writing the file full; Please wait ...
2017-10-28T02:24:53.149457Z 0 [Note] InnoDB: File './ibtmp1' size is now 12 MB.
2017-10-28T02:24:53.150470Z 0 [Note] InnoDB: 96 redo rollback segment(s) found. 96 redo rollback segment(s) are active.
2017-10-28T02:24:53.150487Z 0 [Note] InnoDB: 32 non-redo rollback segment(s) are active.
2017-10-28T02:24:53.150728Z 0 [Note] InnoDB: Waiting for purge to start
2017-10-28T02:24:53.200954Z 0 [Note] InnoDB: 5.7.19 started; log sequence number 3897209
2017-10-28T02:24:53.201198Z 0 [Note] Plugin 'FEDERATED' is disabled.
2017-10-28T02:24:53.201428Z 0 [Note] InnoDB: Loading buffer pool(s) from /opt/bitnami/mysql/data/ib_buffer_pool
2017-10-28T02:24:53.361176Z 0 [Warning] Failed to set up SSL because of the following SSL library error: SSL context is not usable without certificate and private key
2017-10-28T02:24:53.361206Z 0 [Note] Server hostname (bind-address): '127.0.0.1'; port: 3306
2017-10-28T02:24:53.361224Z 0 [Note]   - '127.0.0.1' resolves to '127.0.0.1';
2017-10-28T02:24:53.361260Z 0 [Note] Server socket created on IP: '127.0.0.1'.
2017-10-28T02:24:53.510185Z 0 [Warning] 'user' entry 'root@localhost' ignored in --skip-name-resolve mode.
2017-10-28T02:24:53.510256Z 0 [Warning] 'user' entry 'mysql.session@localhost' ignored in --skip-name-resolve mode.
2017-10-28T02:24:53.510264Z 0 [Warning] 'user' entry 'mysql.sys@localhost' ignored in --skip-name-resolve mode.
2017-10-28T02:24:53.510270Z 0 [Warning] 'user' entry 'bn_mediawiki@localhost' ignored in --skip-name-resolve mode.
2017-10-28T02:24:53.510726Z 0 [Warning] 'db' entry 'performance_schema mysql.session@localhost' ignored in --skip-name-resolve mode.
2017-10-28T02:24:53.510737Z 0 [Warning] 'db' entry 'sys mysql.sys@localhost' ignored in --skip-name-resolve mode.
2017-10-28T02:24:53.510740Z 0 [Warning] 'db' entry 'bitnami_mediawiki bn_mediawiki@localhost' ignored in --skip-name-resolve mode.
2017-10-28T02:24:53.511386Z 0 [Warning] 'proxies_priv' entry '@ root@localhost' ignored in --skip-name-resolve mode.
2017-10-28T02:24:53.692869Z 0 [Warning] 'tables_priv' entry 'user mysql.session@localhost' ignored in --skip-name-resolve mode.
2017-10-28T02:24:53.692920Z 0 [Warning] 'tables_priv' entry 'sys_config mysql.sys@localhost' ignored in --skip-name-resolve mode.
2017-10-28T02:24:53.708222Z 0 [Note] InnoDB: Buffer pool(s) load completed at 171028  2:24:53
2017-10-28T02:24:53.840640Z 0 [Note] Event Scheduler: Loaded 0 events
2017-10-28T02:24:53.840788Z 0 [Note] Execution of init_file '/opt/bitnami/mysql/mysql-init' started.
2017-10-28T02:24:53.841401Z 1 [Warning] 'user' entry 'root@localhost' ignored in --skip-name-resolve mode.
2017-10-28T02:24:53.841429Z 1 [Warning] 'user' entry 'mysql.session@localhost' ignored in --skip-name-resolve mode.
2017-10-28T02:24:53.841436Z 1 [Warning] 'user' entry 'mysql.sys@localhost' ignored in --skip-name-resolve mode.
2017-10-28T02:24:53.841441Z 1 [Warning] 'user' entry 'bn_mediawiki@localhost' ignored in --skip-name-resolve mode.
2017-10-28T02:24:53.841455Z 1 [Warning] 'db' entry 'performance_schema mysql.session@localhost' ignored in --skip-name-resolve mode.
2017-10-28T02:24:53.841459Z 1 [Warning] 'db' entry 'sys mysql.sys@localhost' ignored in --skip-name-resolve mode.
2017-10-28T02:24:53.841462Z 1 [Warning] 'db' entry 'bitnami_mediawiki bn_mediawiki@localhost' ignored in --skip-name-resolve mode.
2017-10-28T02:24:53.841469Z 1 [Warning] 'proxies_priv' entry '@ root@localhost' ignored in --skip-name-resolve mode.
2017-10-28T02:24:53.841566Z 1 [Warning] 'tables_priv' entry 'user mysql.session@localhost' ignored in --skip-name-resolve mode.
2017-10-28T02:24:53.841573Z 1 [Warning] 'tables_priv' entry 'sys_config mysql.sys@localhost' ignored in --skip-name-resolve mode.
2017-10-28T02:24:53.860717Z 0 [Note] Execution of init_file '/opt/bitnami/mysql/mysql-init' ended.
2017-10-28T02:24:53.860826Z 0 [Note] /opt/bitnami/mysql/bin/mysqld.bin: ready for connections.
Version: '5.7.19'  socket: '/opt/bitnami/mysql/tmp/mysql.sock'  port: 3306  MySQL Community Server (GPL)
2017-10-28T02:24:53.860838Z 0 [Note] Executing 'SELECT * FROM INFORMATION_SCHEMA.TABLES;' to get a list of tables using the deprecated partition engine. You may use the startup option '--disable-partition-engine-check' to skip this check. 
2017-10-28T02:24:53.860841Z 0 [Note] Beginning of list of non-natively partitioned tables
2017-10-28T02:24:54.004700Z 0 [Note] End of list of non-natively partitioned tables
2017-10-28T02:24:54.061307Z 0 [Note] Giving 1 client threads a chance to die gracefully
2017-10-28T02:24:54.061340Z 0 [Note] Shutting down slave threads
2017-10-28T02:24:56.061470Z 0 [Note] Forcefully disconnecting 0 remaining clients
2017-10-28T02:24:56.061536Z 0 [Note] Event Scheduler: Purging the queue. 0 events
2017-10-28T02:24:56.061667Z 0 [Note] Binlog end
2017-10-28T02:24:56.062462Z 0 [Note] Shutting down plugin 'ngram'
2017-10-28T02:24:56.062471Z 0 [Note] Shutting down plugin 'BLACKHOLE'
2017-10-28T02:24:56.062475Z 0 [Note] Shutting down plugin 'ARCHIVE'
2017-10-28T02:24:56.062478Z 0 [Note] Shutting down plugin 'partition'
2017-10-28T02:24:56.062480Z 0 [Note] Shutting down plugin 'INNODB_SYS_VIRTUAL'
2017-10-28T02:24:56.062483Z 0 [Note] Shutting down plugin 'INNODB_SYS_DATAFILES'
2017-10-28T02:24:56.062485Z 0 [Note] Shutting down plugin 'INNODB_SYS_TABLESPACES'
2017-10-28T02:24:56.062487Z 0 [Note] Shutting down plugin 'INNODB_SYS_FOREIGN_COLS'
2017-10-28T02:24:56.062490Z 0 [Note] Shutting down plugin 'INNODB_SYS_FOREIGN'
2017-10-28T02:24:56.062492Z 0 [Note] Shutting down plugin 'INNODB_SYS_FIELDS'
2017-10-28T02:24:56.062495Z 0 [Note] Shutting down plugin 'INNODB_SYS_COLUMNS'
2017-10-28T02:24:56.062497Z 0 [Note] Shutting down plugin 'INNODB_SYS_INDEXES'
2017-10-28T02:24:56.062500Z 0 [Note] Shutting down plugin 'INNODB_SYS_TABLESTATS'
2017-10-28T02:24:56.062503Z 0 [Note] Shutting down plugin 'INNODB_SYS_TABLES'
2017-10-28T02:24:56.062506Z 0 [Note] Shutting down plugin 'INNODB_FT_INDEX_TABLE'
2017-10-28T02:24:56.062509Z 0 [Note] Shutting down plugin 'INNODB_FT_INDEX_CACHE'
2017-10-28T02:24:56.062512Z 0 [Note] Shutting down plugin 'INNODB_FT_CONFIG'
2017-10-28T02:24:56.062514Z 0 [Note] Shutting down plugin 'INNODB_FT_BEING_DELETED'
2017-10-28T02:24:56.062518Z 0 [Note] Shutting down plugin 'INNODB_FT_DELETED'
2017-10-28T02:24:56.062520Z 0 [Note] Shutting down plugin 'INNODB_FT_DEFAULT_STOPWORD'
2017-10-28T02:24:56.062524Z 0 [Note] Shutting down plugin 'INNODB_METRICS'
2017-10-28T02:24:56.062527Z 0 [Note] Shutting down plugin 'INNODB_TEMP_TABLE_INFO'
2017-10-28T02:24:56.062548Z 0 [Note] Shutting down plugin 'INNODB_BUFFER_POOL_STATS'
2017-10-28T02:24:56.062551Z 0 [Note] Shutting down plugin 'INNODB_BUFFER_PAGE_LRU'
2017-10-28T02:24:56.062554Z 0 [Note] Shutting down plugin 'INNODB_BUFFER_PAGE'
2017-10-28T02:24:56.062557Z 0 [Note] Shutting down plugin 'INNODB_CMP_PER_INDEX_RESET'
2017-10-28T02:24:56.062561Z 0 [Note] Shutting down plugin 'INNODB_CMP_PER_INDEX'
2017-10-28T02:24:56.062564Z 0 [Note] Shutting down plugin 'INNODB_CMPMEM_RESET'
2017-10-28T02:24:56.062567Z 0 [Note] Shutting down plugin 'INNODB_CMPMEM'
2017-10-28T02:24:56.062570Z 0 [Note] Shutting down plugin 'INNODB_CMP_RESET'
2017-10-28T02:24:56.062573Z 0 [Note] Shutting down plugin 'INNODB_CMP'
2017-10-28T02:24:56.062577Z 0 [Note] Shutting down plugin 'INNODB_LOCK_WAITS'
2017-10-28T02:24:56.062580Z 0 [Note] Shutting down plugin 'INNODB_LOCKS'
2017-10-28T02:24:56.062583Z 0 [Note] Shutting down plugin 'INNODB_TRX'
2017-10-28T02:24:56.062586Z 0 [Note] Shutting down plugin 'InnoDB'
2017-10-28T02:24:56.062726Z 0 [Note] InnoDB: FTS optimize thread exiting.
2017-10-28T02:24:56.062819Z 0 [Note] InnoDB: Starting shutdown...
2017-10-28T02:24:56.163133Z 0 [Note] InnoDB: Dumping buffer pool(s) to /opt/bitnami/mysql/data/ib_buffer_pool
2017-10-28T02:24:56.163327Z 0 [Note] InnoDB: Buffer pool(s) dump completed at 171028  2:24:56
2017-10-28T02:24:57.072055Z 0 [Note] InnoDB: Shutdown completed; log sequence number 3897237
2017-10-28T02:24:57.073458Z 0 [Note] InnoDB: Removed temporary tablespace data file: "ibtmp1"
2017-10-28T02:24:57.073478Z 0 [Note] Shutting down plugin 'MEMORY'
2017-10-28T02:24:57.073484Z 0 [Note] Shutting down plugin 'PERFORMANCE_SCHEMA'
2017-10-28T02:24:57.073508Z 0 [Note] Shutting down plugin 'MRG_MYISAM'
2017-10-28T02:24:57.073512Z 0 [Note] Shutting down plugin 'MyISAM'
2017-10-28T02:24:57.073522Z 0 [Note] Shutting down plugin 'CSV'
2017-10-28T02:24:57.073526Z 0 [Note] Shutting down plugin 'sha256_password'
2017-10-28T02:24:57.073528Z 0 [Note] Shutting down plugin 'mysql_native_password'
2017-10-28T02:24:57.073659Z 0 [Note] Shutting down plugin 'binlog'
2017-10-28T02:24:57.074057Z 0 [Note] /opt/bitnami/mysql/bin/mysqld.bin: Shutdown complete

